This is pdfTeX, Version 3.14159265-2.6-1.40.17 (TeX Live 2016/Debian) (preloaded format=latex 2018.6.20)  20 JUN 2018 09:33
entering extended mode
 restricted \write18 enabled.
 %&-line parsing enabled.
**stdclsdv.dtx
(./stdclsdv.dtx
LaTeX2e <2017/01/01> patch level 3
Babel <3.9r> and hyphenation patterns for 5 language(s) loaded.
(/usr/share/texlive/texmf-dist/tex/latex/base/ltxdoc.cls
Document Class: ltxdoc 2015/03/26 v2.0w Standard LaTeX documentation class
(/usr/share/texlive/texmf-dist/tex/latex/base/article.cls
Document Class: article 2014/09/29 v1.4h Standard LaTeX document class
(/usr/share/texlive/texmf-dist/tex/latex/base/size10.clo
File: size10.clo 2014/09/29 v1.4h Standard LaTeX file (size option)
)
\c@part=\count79
\c@section=\count80
\c@subsection=\count81
\c@subsubsection=\count82
\c@paragraph=\count83
\c@subparagraph=\count84
\c@figure=\count85
\c@table=\count86
\abovecaptionskip=\skip41
\belowcaptionskip=\skip42
\bibindent=\dimen102
)
(/usr/share/texlive/texmf-dist/tex/latex/base/doc.sty
Package: doc 2016/02/15 v2.1g Standard LaTeX documentation package (FMi)
\c@StandardModuleDepth=\count87
\guard@level=\count88
\MacrocodeTopsep=\skip43
\MacroIndent=\dimen103
\macro@cnt=\count89
\MacroTopsep=\skip44
\index@excludelist=\toks14

(/usr/share/texlive/texmf-dist/tex/latex/tools/multicol.sty
Package: multicol 2016/04/07 v1.8p multicolumn formatting (FMi)
\c@tracingmulticols=\count90
\mult@box=\box26
\multicol@leftmargin=\dimen104
\c@unbalance=\count91
\c@collectmore=\count92
\doublecol@number=\count93
\multicoltolerance=\count94
\multicolpretolerance=\count95
\full@width=\dimen105
\page@free=\dimen106
\premulticols=\dimen107
\postmulticols=\dimen108
\multicolsep=\skip45
\multicolbaselineskip=\skip46
\partial@page=\box27
\last@line=\box28
\maxbalancingoverflow=\dimen109
\mult@rightbox=\box29
\mult@grightbox=\box30
\mult@gfirstbox=\box31
\mult@firstbox=\box32
\@tempa=\box33
\@tempa=\box34
\@tempa=\box35
\@tempa=\box36
\@tempa=\box37
\@tempa=\box38
\@tempa=\box39
\@tempa=\box40
\@tempa=\box41
\@tempa=\box42
\@tempa=\box43
\@tempa=\box44
\@tempa=\box45
\@tempa=\box46
\@tempa=\box47
\@tempa=\box48
\@tempa=\box49
\c@columnbadness=\count96
\c@finalcolumnbadness=\count97
\last@try=\dimen110
\multicolovershoot=\dimen111
\multicolundershoot=\dimen112
\mult@nat@firstbox=\box50
\colbreak@box=\box51
\mc@col@check@num=\count98
)
\IndexMin=\dimen113
\c@IndexColumns=\count99
\GlossaryMin=\dimen114
\c@GlossaryColumns=\count100
\check@sum=\count101
\bslash@cnt=\count102
\wrong@table=\toks15
\c@CodelineNo=\count103
))
\@indexfile=\write3
\openout3 = `stdclsdv.idx'.


Writing index file stdclsdv.idx
(./stdclsdv.aux)
\openout1 = `stdclsdv.aux'.

LaTeX Font Info:    Checking defaults for OML/cmm/m/it on input line 19.
LaTeX Font Info:    ... okay on input line 19.
LaTeX Font Info:    Checking defaults for T1/cmr/m/n on input line 19.
LaTeX Font Info:    ... okay on input line 19.
LaTeX Font Info:    Checking defaults for OT1/cmr/m/n on input line 19.
LaTeX Font Info:    ... okay on input line 19.
LaTeX Font Info:    Checking defaults for OMS/cmsy/m/n on input line 19.
LaTeX Font Info:    ... okay on input line 19.
LaTeX Font Info:    Checking defaults for OMX/cmex/m/n on input line 19.
LaTeX Font Info:    ... okay on input line 19.
LaTeX Font Info:    Checking defaults for U/cmr/m/n on input line 19.
LaTeX Font Info:    ... okay on input line 19.
Package doc Info: Made | a short reference for \verb on input line 19.
 (./stdclsdv.dtx
LaTeX Font Info:    External font `cmex10' loaded for size
(Font)              <17.28> on input line 95.
LaTeX Font Info:    External font `cmex10' loaded for size
(Font)              <12> on input line 95.
LaTeX Font Info:    External font `cmex10' loaded for size
(Font)              <8> on input line 95.
LaTeX Font Info:    External font `cmex10' loaded for size
(Font)              <6> on input line 95.
LaTeX Font Info:    External font `cmex10' loaded for size
(Font)              <5> on input line 95.
LaTeX Font Info:    External font `cmex10' loaded for size
(Font)              <9> on input line 98.
 (./stdclsdv.toc)
\tf@toc=\write4
\openout4 = `stdclsdv.toc'.

LaTeX Font Info:    External font `cmex10' loaded for size
(Font)              <7> on input line 111.
 [1

]
Overfull \hbox (35.91528pt too wide) in paragraph at lines 187--197
[]\OT1/cmtt/m/n/10 \SCDCheckCommand \OT1/cmr/m/n/10 is the same as the cur-rent
 def-i-ni-tion, oth-er-wise []\OT1/cmtt/m/n/10 \ifSCDSameDefinition
 []


LaTeX Warning: Marginpar on page 2 moved.

[2] [3]
LaTeX Font Info:    Try loading font information for OMS+cmr on input line 291.

 (/usr/share/texlive/texmf-dist/tex/latex/base/omscmr.fd
File: omscmr.fd 2014/09/29 v2.5h Standard LaTeX font definitions
)
LaTeX Font Info:    Font shape `OMS/cmr/m/n' in size <10> not available
(Font)              Font shape `OMS/cmsy/m/n' tried instead on input line 291.

Overfull \hbox (24.97113pt too wide) in paragraph at lines 306--309
[]\OT1/cmr/m/n/10 This is iden-ti-cal to the ker-nal []\OT1/cmtt/m/n/10 \CheckC
ommand \OT1/cmr/m/n/10 ex-cept that it sets the []\OT1/cmtt/m/n/10 \ifSCDSameCo
mmand
 []

[4]
*******************
* Checksum passed *
*******************
(./stdclsdv.ind
Overfull \hbox (14.06262pt too wide) in paragraph at lines 65--66
[][]\OT1/cmtt/m/n/9 \SCDSameDefinitionfalse   
 []


Overfull \hbox (9.33768pt too wide) in paragraph at lines 66--67
[][]\OT1/cmtt/m/n/9 \SCDSameDefinitiontrue   
 []

)) [5] (./stdclsdv.aux) ) 
Here is how much of TeX's memory you used:
 670 strings out of 494917
 8284 string characters out of 6179789
 84599 words of memory out of 5000000
 4010 multiletter control sequences out of 15000+600000
 13792 words of font info for 49 fonts, out of 8000000 for 9000
 14 hyphenation exceptions out of 8191
 30i,9n,21p,227b,553s stack positions out of 5000i,500n,10000p,200000b,80000s

Output written on stdclsdv.dvi (5 pages, 16152 bytes).
